# JRE version: Java(TM) SE Runtime Environment (17.0.10+11) (build 17.0.10+11-LTS-240)
# Java VM: Java HotSpot(TM) 64-Bit Server VM (17.0.10+11-LTS-240, mixed mode, sharing, tiered, compressed oops, compressed class ptrs, g1 gc, windows-amd64)
GC Precious Log:
 CPUs: 8 total, 8 available
 Memory: 12171M
 Large Page Support: Disabled
 NUMA Support: Disabled
 Compressed Oops: Enabled (Zero based)
 Heap Region Size: 2M
 Heap Min Capacity: 8M
 Heap Initial Capacity: 192M
 Heap Max Capacity: 3044M
 Pre-touch: Disabled
 Parallel Workers: 8
 Concurrent Workers: 2
 Concurrent Refinement Workers: 8
 Periodic GC: Disabled
Heap:
 garbage-first heap   total 344064K, used 117427K [0x0000000741c00000, 0x0000000800000000)
  region size 2048K, 6 young (12288K), 2 survivors (4096K)
 Metaspace       used 59190K, committed 59648K, reserved 1114112K
  class space    used 8184K, committed 8384K, reserved 1048576K
GC Heap History (20 events):
Event: 39.437 GC heap before
{Heap before GC invocations=21 (full 0):
 garbage-first heap   total 96256K, used 49511K [0x0000000741c00000, 0x0000000800000000)
  region size 2048K, 2 young (4096K), 1 survivors (2048K)
 Metaspace       used 58056K, committed 58496K, reserved 1114112K
  class space    used 8094K, committed 8320K, reserved 1048576K
}
Event: 39.438 GC heap after
{Heap after GC invocations=22 (full 0):
 garbage-first heap   total 96256K, used 49642K [0x0000000741c00000, 0x0000000800000000)
  region size 2048K, 1 young (2048K), 1 survivors (2048K)
 Metaspace       used 58056K, committed 58496K, reserved 1114112K
  class space    used 8094K, committed 8320K, reserved 1048576K
}
Event: 39.492 GC heap before
{Heap before GC invocations=23 (full 0):
 garbage-first heap   total 100352K, used 55786K [0x0000000741c00000, 0x0000000800000000)
  region size 2048K, 2 young (4096K), 1 survivors (2048K)
 Metaspace       used 58082K, committed 58496K, reserved 1114112K
  class space    used 8094K, committed 8320K, reserved 1048576K
}
Event: 39.493 GC heap after
{Heap after GC invocations=24 (full 0):
 garbage-first heap   total 100352K, used 55917K [0x0000000741c00000, 0x0000000800000000)
  region size 2048K, 1 young (2048K), 1 survivors (2048K)
 Metaspace       used 58082K, committed 58496K, reserved 1114112K
  class space    used 8094K, committed 8320K, reserved 1048576K
}
Event: 48.944 GC heap before
{Heap before GC invocations=25 (full 0):
 garbage-first heap   total 110592K, used 82541K [0x0000000741c00000, 0x0000000800000000)
  region size 2048K, 11 young (22528K), 1 survivors (2048K)
 Metaspace       used 58172K, committed 58624K, reserved 1114112K
  class space    used 8099K, committed 8320K, reserved 1048576K
}
Event: 48.948 GC heap after
{Heap after GC invocations=26 (full 0):
 garbage-first heap   total 110592K, used 62960K [0x0000000741c00000, 0x0000000800000000)
  region size 2048K, 2 young (4096K), 2 survivors (4096K)
 Metaspace       used 58172K, committed 58624K, reserved 1114112K
  class space    used 8099K, committed 8320K, reserved 1048576K
}
Event: 52.995 GC heap before
{Heap before GC invocations=26 (full 0):
 garbage-first heap   total 110592K, used 65008K [0x0000000741c00000, 0x0000000800000000)
  region size 2048K, 4 young (8192K), 2 survivors (4096K)
 Metaspace       used 58649K, committed 59008K, reserved 1114112K
  class space    used 8172K, committed 8384K, reserved 1048576K
}
Event: 52.997 GC heap after
{Heap after GC invocations=27 (full 0):
 garbage-first heap   total 110592K, used 63425K [0x0000000741c00000, 0x0000000800000000)
  region size 2048K, 1 young (2048K), 1 survivors (2048K)
 Metaspace       used 58649K, committed 59008K, reserved 1114112K
  class space    used 8172K, committed 8384K, reserved 1048576K
}
Event: 53.047 GC heap before
{Heap before GC invocations=28 (full 0):
 garbage-first heap   total 116736K, used 65473K [0x0000000741c00000, 0x0000000800000000)
  region size 2048K, 2 young (4096K), 1 survivors (2048K)
 Metaspace       used 58662K, committed 59072K, reserved 1114112K
  class space    used 8172K, committed 8384K, reserved 1048576K
}
Event: 53.049 GC heap after
{Heap after GC invocations=29 (full 0):
 garbage-first heap   total 116736K, used 65986K [0x0000000741c00000, 0x0000000800000000)
  region size 2048K, 1 young (2048K), 1 survivors (2048K)
 Metaspace       used 58662K, committed 59072K, reserved 1114112K
  class space    used 8172K, committed 8384K, reserved 1048576K
}
Event: 53.100 GC heap before
{Heap before GC invocations=30 (full 0):
 garbage-first heap   total 126976K, used 72130K [0x0000000741c00000, 0x0000000800000000)
  region size 2048K, 2 young (4096K), 1 survivors (2048K)
 Metaspace       used 58693K, committed 59136K, reserved 1114112K
  class space    used 8172K, committed 8384K, reserved 1048576K
}
Event: 53.102 GC heap after
{Heap after GC invocations=31 (full 0):
 garbage-first heap   total 126976K, used 73284K [0x0000000741c00000, 0x0000000800000000)
  region size 2048K, 2 young (4096K), 2 survivors (4096K)
 Metaspace       used 58693K, committed 59136K, reserved 1114112K
  class space    used 8172K, committed 8384K, reserved 1048576K
}
Event: 53.194 GC heap before
{Heap before GC invocations=32 (full 0):
 garbage-first heap   total 137216K, used 81476K [0x0000000741c00000, 0x0000000800000000)
  region size 2048K, 4 young (8192K), 2 survivors (4096K)
 Metaspace       used 58723K, committed 59136K, reserved 1114112K
  class space    used 8172K, committed 8384K, reserved 1048576K
}
Event: 53.197 GC heap after
{Heap after GC invocations=33 (full 0):
 garbage-first heap   total 137216K, used 81081K [0x0000000741c00000, 0x0000000800000000)
  region size 2048K, 2 young (4096K), 2 survivors (4096K)
 Metaspace       used 58723K, committed 59136K, reserved 1114112K
  class space    used 8172K, committed 8384K, reserved 1048576K
}
Event: 53.280 GC heap before
{Heap before GC invocations=34 (full 0):
 garbage-first heap   total 147456K, used 87225K [0x0000000741c00000, 0x0000000800000000)
  region size 2048K, 3 young (6144K), 2 survivors (4096K)
 Metaspace       used 58752K, committed 59200K, reserved 1114112K
  class space    used 8172K, committed 8384K, reserved 1048576K
}
Event: 53.283 GC heap after
{Heap after GC invocations=35 (full 0):
 garbage-first heap   total 147456K, used 87010K [0x0000000741c00000, 0x0000000800000000)
  region size 2048K, 1 young (2048K), 1 survivors (2048K)
 Metaspace       used 58752K, committed 59200K, reserved 1114112K
  class space    used 8172K, committed 8384K, reserved 1048576K
}
Event: 53.361 GC heap before
{Heap before GC invocations=36 (full 0):
 garbage-first heap   total 161792K, used 93154K [0x0000000741c00000, 0x0000000800000000)
  region size 2048K, 2 young (4096K), 1 survivors (2048K)
 Metaspace       used 58768K, committed 59200K, reserved 1114112K
  class space    used 8172K, committed 8384K, reserved 1048576K
}
Event: 53.363 GC heap after
{Heap after GC invocations=37 (full 0):
 garbage-first heap   total 161792K, used 93266K [0x0000000741c00000, 0x0000000800000000)
  region size 2048K, 1 young (2048K), 1 survivors (2048K)
 Metaspace       used 58768K, committed 59200K, reserved 1114112K
  class space    used 8172K, committed 8384K, reserved 1048576K
}
Event: 60.726 GC heap before
{Heap before GC invocations=38 (full 0):
 garbage-first heap   total 172032K, used 103506K [0x0000000741c00000, 0x0000000800000000)
  region size 2048K, 4 young (8192K), 1 survivors (2048K)
 Metaspace       used 58975K, committed 59392K, reserved 1114112K
  class space    used 8173K, committed 8384K, reserved 1048576K
}
Event: 60.730 GC heap after
{Heap after GC invocations=39 (full 0):
 garbage-first heap   total 344064K, used 101043K [0x0000000741c00000, 0x0000000800000000)
  region size 2048K, 2 young (4096K), 2 survivors (4096K)
 Metaspace       used 58975K, committed 59392K, reserved 1114112K
  class space    used 8173K, committed 8384K, reserved 1048576K
}

